10080	g	[0]	7	6.194211
10080	p	[0]	7	1539.695565
10080	c	[0]	7	19.220312
10080	t	[0]	7	1561.326573
10080	g	[1]	7	0.000000
10080	p	[1]	7	1105.264258
10080	c	[1]	7	1567.116041
10080	t	[1]	7	2666.593520
10080	g	[2]	7	0.000000
10080	p	[2]	7	742.554583
10080	c	[2]	7	2670.456966
10080	t	[2]	7	3409.150040
10080	g	[3]	7	0.000000
10080	p	[3]	7	452.989082
10080	c	[3]	7	3413.010799
10080	t	[3]	7	3862.139502
10080	g	[4]	7	0.000000
10080	p	[4]	7	235.705452
10080	c	[4]	7	3866.001458
10080	t	[4]	7	4097.845862
10080	g	[5]	7	0.000000
10080	p	[5]	7	89.319980
10080	c	[5]	7	4101.704351
10080	t	[5]	7	4187.166512
10080	g	[6]	7	0.000000
10080	p	[6]	7	12.328187
10080	c	[6]	7	4187.167649
10080	t	[6]	7	4199.495856
