10080	g	[0]	6	6.312700
10080	p	[0]	6	1750.568377
10080	c	[0]	6	19.062180
10080	t	[0]	6	1772.160264
10080	g	[1]	6	0.000000
10080	p	[1]	6	1175.459639
10080	c	[1]	6	1777.841925
10080	t	[1]	6	2947.623266
10080	g	[2]	6	0.000000
10080	p	[2]	6	715.251901
10080	c	[2]	6	2951.490674
10080	t	[2]	6	3662.876247
10080	g	[3]	6	0.000000
10080	p	[3]	6	370.313657
10080	c	[3]	6	3666.738841
10080	t	[3]	6	4033.191240
10080	g	[4]	6	0.000000
10080	p	[4]	6	139.210684
10080	c	[4]	6	4037.051605
10080	t	[4]	6	4172.402786
10080	g	[5]	6	0.000000
10080	p	[5]	6	19.560624
10080	c	[5]	6	4172.403922
10080	t	[5]	6	4191.964569
