2520	g	[0]	6	0.355156
2520	p	[0]	6	28.542099
2520	c	[0]	6	1.193005
2520	t	[0]	6	29.853206
2520	g	[1]	6	0.000000
2520	p	[1]	6	18.772577
2520	c	[1]	6	30.214172
2520	t	[1]	6	48.626771
2520	g	[2]	6	0.000000
2520	p	[2]	6	11.486553
2520	c	[2]	6	48.868901
2520	t	[2]	6	60.114223
2520	g	[3]	6	0.000000
2520	p	[3]	6	6.016912
2520	c	[3]	6	60.359955
2520	t	[3]	6	66.132195
2520	g	[4]	6	0.000000
2520	p	[4]	6	2.411741
2520	c	[4]	6	66.374583
2520	t	[4]	6	68.544564
2520	g	[5]	6	0.000000
2520	p	[5]	6	0.325491
2520	c	[5]	6	68.545450
2520	t	[5]	6	68.870965
