2520	g	[0]	7	0.377779
2520	p	[0]	7	24.717818
2520	c	[0]	7	1.205031
2520	t	[0]	7	26.063038
2520	g	[1]	7	0.000000
2520	p	[1]	7	17.619231
2520	c	[1]	7	26.421421
2520	t	[1]	7	43.683115
2520	g	[2]	7	0.000000
2520	p	[2]	7	11.883269
2520	c	[2]	7	43.925429
2520	t	[2]	7	55.567556
2520	g	[3]	7	0.000000
2520	p	[3]	7	7.305682
2520	c	[3]	7	55.812862
2520	t	[3]	7	62.874494
2520	g	[4]	7	0.000000
2520	p	[4]	7	3.892148
2520	c	[4]	7	63.116945
2520	t	[4]	7	66.767337
2520	g	[5]	7	0.000000
2520	p	[5]	7	1.609620
2520	c	[5]	7	67.009597
2520	t	[5]	7	68.377881
2520	g	[6]	7	0.000000
2520	p	[6]	7	0.199853
2520	c	[6]	7	68.379039
2520	t	[6]	7	68.578913
