5040	g	[0]	7	1.579967
5040	p	[0]	7	196.140101
5040	c	[0]	7	4.766887
5040	t	[0]	7	201.540996
5040	g	[1]	7	0.000000
5040	p	[1]	7	139.026916
5040	c	[1]	7	202.974704
5040	t	[1]	7	340.569085
5040	g	[2]	7	0.000000
5040	p	[2]	7	93.545105
5040	c	[2]	7	341.534866
5040	t	[2]	7	434.114679
5040	g	[3]	7	0.000000
5040	p	[3]	7	57.335095
5040	c	[3]	7	435.081687
5040	t	[3]	7	491.450538
5040	g	[4]	7	0.000000
5040	p	[4]	7	30.000451
5040	c	[4]	7	492.416480
5040	t	[4]	7	521.451500
5040	g	[5]	7	0.000000
5040	p	[5]	7	11.760090
5040	c	[5]	7	522.417936
5040	t	[5]	7	533.212919
5040	g	[6]	7	0.000000
5040	p	[6]	7	1.577335
5040	c	[6]	7	533.213846
5040	t	[6]	7	534.791210
