5040	g	[0]	6	1.563033
5040	p	[0]	6	223.877924
5040	c	[0]	6	4.838460
5040	t	[0]	6	229.333229
5040	g	[1]	6	0.000000
5040	p	[1]	6	148.032885
5040	c	[1]	6	230.762141
5040	t	[1]	6	377.367339
5040	g	[2]	6	0.000000
5040	p	[2]	6	90.354080
5040	c	[2]	6	378.334605
5040	t	[2]	6	467.723141
5040	g	[3]	6	0.000000
5040	p	[3]	6	46.990186
5040	c	[3]	6	468.691450
5040	t	[3]	6	514.714422
5040	g	[4]	6	0.000000
5040	p	[4]	6	18.031757
5040	c	[4]	6	515.680036
5040	t	[4]	6	532.746621
5040	g	[5]	6	0.000000
5040	p	[5]	6	2.481347
5040	c	[5]	6	532.748409
5040	t	[5]	6	535.229784
