5040	g	[0][1]	9	0.000000
5040	p	[0][1]	9	1117.940387
5040	c	[0][1]	9	1989.032963
5040	t	[0][1]	9	3108.874736
5040	g	[1][0]	9	0.000000
5040	p	[1][0]	9	1778.781712
5040	c	[1][0]	9	1354.527095
5040	t	[1][0]	9	3135.001660
5040	g	[0][2]	9	0.000000
5040	p	[0][2]	9	1164.449798
5040	c	[0][2]	9	2021.854310
5040	t	[0][2]	9	3188.563460
5040	g	[2][1]	9	0.000000
5040	p	[2][1]	9	4696.098710
5040	c	[2][1]	9	1556.634676
5040	t	[2][1]	9	6254.922451
5040	g	[2][0]	9	0.000000
5040	p	[2][0]	9	1910.716489
5040	c	[2][0]	9	4342.372890
5040	t	[2][0]	9	6254.923971
5040	g	[1][2]	9	0.000000
5040	g	[1][1]	9	0.000000
5040	p	[1][1]	9	4131.326602
5040	c	[1][1]	9	2177.348562
5040	t	[1][1]	9	6310.722199
5040	p	[1][2]	9	4673.538848
5040	c	[1][2]	9	1634.778363
5040	t	[1][2]	9	6310.722139
5040	g	[2][2]	9	0.000000
5040	g	[0][0]	9	1.497859
5040	p	[0][0]	9	700.925688
5040	c	[0][0]	9	6692.992675
5040	t	[0][0]	9	7396.477627
5040	p	[2][2]	9	7325.615640
5040	c	[2][2]	9	68.313077
5040	t	[2][2]	9	7396.478734
