5040	g	[0][2]	16	0.000000
5040	p	[0][2]	16	823.776767
5040	g	[0][3]	16	0.000000
5040	c	[0][2]	16	1438.832316
5040	t	[0][2]	16	2267.601458
5040	p	[0][3]	16	831.088850
5040	c	[0][3]	16	1431.236432
5040	t	[0][3]	16	2267.601405
5040	g	[0][1]	16	0.000000
5040	p	[0][1]	16	826.815761
5040	c	[0][1]	16	1491.631150
5040	t	[0][1]	16	2323.155594
5040	g	[1][1]	16	0.000000
5040	p	[1][1]	16	2874.872833
5040	c	[1][1]	16	465.538886
5040	t	[1][1]	16	3345.204368
5040	g	[1][3]	16	0.000000
5040	p	[1][3]	16	3038.937441
5040	c	[1][3]	16	896.360602
5040	t	[1][3]	16	3940.658717
5040	g	[3][1]	16	0.000000
5040	p	[3][1]	16	3538.338587
5040	c	[3][1]	16	455.431643
5040	t	[3][1]	16	3998.778633
5040	g	[2][1]	16	0.000000
5040	p	[2][1]	16	3392.722238
5040	c	[2][1]	16	654.264290
5040	t	[2][1]	16	4051.865019
5040	g	[1][0]	16	0.000000
5040	g	[1][2]	16	0.000000
5040	p	[1][0]	16	1275.586523
5040	c	[1][0]	16	2813.526859
5040	t	[1][0]	16	4090.627187
5040	p	[1][2]	16	2985.216850
5040	c	[1][2]	16	1103.332301
5040	t	[1][2]	16	4093.625940
5040	g	[2][3]	16	0.000000
5040	g	[2][2]	16	0.000000
5040	p	[2][3]	16	4558.537108
5040	c	[2][3]	16	843.035266
5040	t	[2][3]	16	5407.017564
5040	p	[2][2]	16	4297.321770
5040	c	[2][2]	16	1104.535136
5040	t	[2][2]	16	5407.017768
5040	g	[3][3]	16	0.000000
5040	g	[3][2]	16	0.000000
5040	p	[3][3]	16	5714.371599
5040	c	[3][3]	16	153.580380
5040	t	[3][3]	16	5873.531086
5040	g	[2][0]	16	0.000000
5040	g	[3][0]	16	0.000000
5040	p	[3][2]	16	4561.776139
5040	c	[3][2]	16	1306.465787
5040	t	[3][2]	16	5873.531153
5040	p	[2][0]	16	1252.457275
5040	c	[2][0]	16	4616.477469
5040	t	[2][0]	16	5870.527488
5040	p	[3][0]	16	1276.413186
5040	c	[3][0]	16	4592.399424
5040	t	[3][0]	16	5870.532566
5040	g	[0][0]	16	1.395927
5040	p	[0][0]	16	626.403700
5040	c	[0][0]	16	5241.595354
5040	t	[0][0]	16	5870.534724
